  T8.1.cpp
C:\Users\Vasile\source\repos\T8.1\T8.1\T8.1.cpp(62,22): warning C4244: '=': conversion from 'T' to 'int', possible loss of data
          with
          [
              T=double
          ]
C:\Users\Vasile\source\repos\T8.1\T8.1\T8.1.cpp(28,10): warning C4244: 'return': conversion from 'double' to 'T', possible loss of data
          with
          [
              T=int
          ]
C:\Users\Vasile\source\repos\T8.1\T8.1\T8.1.cpp(25): message : while compiling class template member function 'T ComplexNumber<T>::module2(ComplexNumber<T>)'
          with
          [
              T=int
          ]
C:\Users\Vasile\source\repos\T8.1\T8.1\T8.1.cpp(57): message : see reference to function template instantiation 'T ComplexNumber<T>::module2(ComplexNumber<T>)' being compiled
          with
          [
              T=int
          ]
C:\Users\Vasile\source\repos\T8.1\T8.1\T8.1.cpp(46): message : see reference to class template instantiation 'ComplexNumber<int>' being compiled
C:\Users\Vasile\source\repos\T8.1\T8.1\T8.1.cpp(21,10): warning C4244: 'return': conversion from 'double' to 'T', possible loss of data
          with
          [
              T=int
          ]
C:\Users\Vasile\source\repos\T8.1\T8.1\T8.1.cpp(18): message : while compiling class template member function 'T ComplexNumber<T>::module1(ComplexNumber<T>)'
          with
          [
              T=int
          ]
C:\Users\Vasile\source\repos\T8.1\T8.1\T8.1.cpp(53): message : see reference to function template instantiation 'T ComplexNumber<T>::module1(ComplexNumber<T>)' being compiled
          with
          [
              T=int
          ]
  T8.1.vcxproj -> C:\Users\Vasile\source\repos\T8.1\x64\Debug\T8.1.exe
